app/build/outputs/logs/manifest-merger-debug-report.txt
-- Merging decision tree log ---
manifest
ADDED from src\main\AndroidManifest.xml:2:1-303:12
	package
		ADDED from src\main\AndroidManifest.xml:4:11-45
		INJECTED from src\main\AndroidManifest.xml
		INJECTED from src\main\AndroidManifest.xml
	android:versionName
		INJECTED from src\main\AndroidManifest.xml
		INJECTED from src\main\AndroidManifest.xml
	xmlns:tools
		ADDED from src\main\AndroidManifest.xml:3:11-57
	xmlns:android
		ADDED from src\main\AndroidManifest.xml:2:11-69
	android:versionCode
		INJECTED from src\main\AndroidManifest.xml
		INJECTED from src\main\AndroidManifest.xml
uses-permission#android.permission.WAKE_LOCK
ADDED from src\main\AndroidManifest.xml:6:5-67
	android:name
		ADDED from src\main\AndroidManifest.xml:6:22-65
uses-permission#android.permission.ACCESS_COARSE_LOCATION
ADDED from src\main\AndroidManifest.xml:8:5-80
	android:name
		ADDED from src\main\AndroidManifest.xml:8:22-78
uses-permission#android.permission.ACCESS_FINE_LOCATION
ADDED from src\main\AndroidManifest.xml:10:5-78
	android:name
		ADDED from src\main\AndroidManifest.xml:10:22-76
uses-permission#android.permission.ACCESS_WIFI_STATE
ADDED from src\main\AndroidManifest.xml:12:5-75
	android:name
		ADDED from src\main\AndroidManifest.xml:12:22-73
uses-permission#android.permission.ACCESS_NETWORK_STATE
ADDED from src\main\AndroidManifest.xml:14:5-78
	android:name
		ADDED from src\main\AndroidManifest.xml:14:22-76
uses-permission#android.permission.CHANGE_WIFI_STATE
ADDED from src\main\AndroidManifest.xml:16:5-75
	android:name
		ADDED from src\main\AndroidManifest.xml:16:22-73
uses-permission#android.permission.READ_PHONE_STATE
ADDED from src\main\AndroidManifest.xml:18:5-74
	android:name
		ADDED from src\main\AndroidManifest.xml:18:22-72
uses-permission#android.permission.WRITE_EXTERNAL_STORAGE
ADDED from src\main\AndroidManifest.xml:20:5-80
	android:name
		ADDED from src\main\AndroidManifest.xml:20:22-78
uses-permission#android.permission.MOUNT_UNMOUNT_FILESYSTEMS
ADDED from src\main\AndroidManifest.xml:23:5-83
	android:name
		ADDED from src\main\AndroidManifest.xml:23:22-81
uses-permission#android.permission.RECORD_AUDIO
ADDED from src\main\AndroidManifest.xml:32:5-70
	android:name
		ADDED from src\main\AndroidManifest.xml:32:22-68
uses-permission#android.permission.ACCESS_LOCATION_EXTRA_COMMANDS
ADDED from src\main\AndroidManifest.xml:33:5-88
	android:name
		ADDED from src\main\AndroidManifest.xml:33:22-86
uses-permission#android.permission.CALL_PHONE
ADDED from src\main\AndroidManifest.xml:36:5-68
	android:name
		ADDED from src\main\AndroidManifest.xml:36:22-66
uses-permission#android.permission.READ_LOGS
ADDED from src\main\AndroidManifest.xml:40:5-67
	android:name
		ADDED from src\main\AndroidManifest.xml:40:22-65
uses-permission#android.permission.VIBRATE
ADDED from src\main\AndroidManifest.xml:41:5-65
	android:name
		ADDED from src\main\AndroidManifest.xml:41:22-63
uses-permission#android.permission.GET_TASKS
ADDED from src\main\AndroidManifest.xml:43:5-67
	android:name
		ADDED from src\main\AndroidManifest.xml:43:22-65
uses-permission#android.permission.BROADCAST_STICKY
ADDED from src\main\AndroidManifest.xml:44:5-74
	android:name
		ADDED from src\main\AndroidManifest.xml:44:22-72
uses-permission#android.permission.WRITE_SETTINGS
ADDED from src\main\AndroidManifest.xml:45:5-72
	android:name
		ADDED from src\main\AndroidManifest.xml:45:22-70
uses-permission#android.permission.PROCESS_OUTGOING_CALLS
ADDED from src\main\AndroidManifest.xml:47:5-80
	android:name
		ADDED from src\main\AndroidManifest.xml:47:22-78
uses-permission#android.permission.MODIFY_AUDIO_SETTINGS
ADDED from src\main\AndroidManifest.xml:48:5-79
	android:name
		ADDED from src\main\AndroidManifest.xml:48:22-77
uses-permission#android.permission.CAMERA
ADDED from src\main\AndroidManifest.xml:50:5-64
	android:name
		ADDED from src\main\AndroidManifest.xml:50:22-62
uses-permission#android.permission.READ_CONTACTS
ADDED from src\main\AndroidManifest.xml:52:5-71
	android:name
		ADDED from src\main\AndroidManifest.xml:52:22-69
uses-permission#android.permission.DOWNLOAD_WITHOUT_NOTIFICATION
ADDED from src\main\AndroidManifest.xml:59:5-87
	android:name
		ADDED from src\main\AndroidManifest.xml:59:22-85
uses-feature#android.hardware.camera
ADDED from src\main\AndroidManifest.xml:64:5-59
	android:name
		ADDED from src\main\AndroidManifest.xml:64:19-57
uses-feature#android.hardware.camera.autofocus
ADDED from src\main\AndroidManifest.xml:65:5-69
	android:name
		ADDED from src\main\AndroidManifest.xml:65:19-67
uses-permission#android.permission.INTERNET
ADDED from src\main\AndroidManifest.xml:69:5-66
	android:name
		ADDED from src\main\AndroidManifest.xml:69:22-64
uses-permission#android.permission.MANAGE_ACCOUNTS
ADDED from src\main\AndroidManifest.xml:75:5-73
	android:name
		ADDED from src\main\AndroidManifest.xml:75:22-71
uses-permission#android.permission.GET_ACCOUNTS
ADDED from src\main\AndroidManifest.xml:76:5-70
	android:name
		ADDED from src\main\AndroidManifest.xml:76:22-68
uses-permission#android.permission.BLUETOOTH
ADDED from src\main\AndroidManifest.xml:78:5-67
	android:name
		ADDED from src\main\AndroidManifest.xml:78:22-65
uses-permission#android.permission.BLUETOOTH_ADMIN
ADDED from src\main\AndroidManifest.xml:79:5-73
	android:name
		ADDED from src\main\AndroidManifest.xml:79:22-71
uses-permission#android.permission.READ_EXTERNAL_STORAGE
ADDED from src\main\AndroidManifest.xml:81:5-79
	android:name
		ADDED from src\main\AndroidManifest.xml:81:22-77
application
ADDED from src\main\AndroidManifest.xml:83:5-301:19
MERGED from [com.android.support:design:25.3.1] AndroidManifest.xml:29:5-20
MERGED from [com.android.support:transition:25.3.1] AndroidManifest.xml:26:5-20
MERGED from [com.android.support:cardview-v7:25.3.1] AndroidManifest.xml:26:5-20
MERGED from [com.android.support:support-v13:25.3.1] AndroidManifest.xml:29:5-20
MERGED from [culture002:CultureCloudSDK:unspecified] AndroidManifest.xml:11:5-16:19
MERGED from [me.yokeyword:indexablerecyclerview:1.3.0] AndroidManifest.xml:13:5-20
MERGED from [com.github.promeg:tinypinyin-lexicons-android-cncity:2.0.3] AndroidManifest.xml:11:5-12:19
MERGED from [com.github.promeg:tinypinyin-android-asset-lexicons:2.0.3] AndroidManifest.xml:11:5-12:19
MERGED from [de.hdodenhof:circleimageview:2.2.0] AndroidManifest.xml:9:5-20
MERGED from [com.google.android.gms:play-services-appindexing:8.1.0] AndroidManifest.xml:19:5-20
MERGED from [com.google.android.gms:play-services-basement:8.1.0] AndroidManifest.xml:20:5-24:19
MERGED from [com.github.nanchen2251:CompressHelper:1.0.5] AndroidManifest.xml:11:5-15:19
MERGED from [com.scwang.smartrefresh:SmartRefreshLayout:1.1.0-alpha-1] AndroidManifest.xml:11:5-15:19
MERGED from [com.scwang.smartrefresh:SmartRefreshHeader:1.1.0-alpha-1] AndroidManifest.xml:11:5-15:19
MERGED from [com.android.support:appcompat-v7:25.3.1] AndroidManifest.xml:29:5-20
MERGED from [com.android.support:support-v4:25.3.1] AndroidManifest.xml:29:5-20
MERGED from [com.android.support:support-fragment:25.3.1] AndroidManifest.xml:29:5-20
MERGED from [com.android.support:support-media-compat:25.3.1] AndroidManifest.xml:29:5-20
MERGED from [com.android.support:support-core-ui:25.3.1] AndroidManifest.xml:29:5-20
MERGED from [com.android.support:support-core-utils:25.3.1] AndroidManifest.xml:29:5-20
MERGED from [com.android.support:animated-vector-drawable:25.3.1] AndroidManifest.xml:26:5-20
MERGED from [com.android.support:support-vector-drawable:25.3.1] AndroidManifest.xml:26:5-20
MERGED from [com.android.support:support-compat:25.3.1] AndroidManifest.xml:29:5-20
	android:screenOrientation
		ADDED from src\main\AndroidManifest.xml:89:9-45
	android:label
		ADDED from src\main\AndroidManifest.xml:87:9-41
		REJECTED from [culture002:CultureCloudSDK:unspecified] AndroidManifest.xml:14:9-41
		REJECTED from [com.github.promeg:tinypinyin-lexicons-android-cncity:2.0.3] AndroidManifest.xml:11:18-50
		REJECTED from [com.github.promeg:tinypinyin-android-asset-lexicons:2.0.3] AndroidManifest.xml:11:18-50
		REJECTED from [com.github.nanchen2251:CompressHelper:1.0.5] AndroidManifest.xml:13:9-41
	android:supportsRtl
		ADDED from src\main\AndroidManifest.xml:90:9-35
	android:allowBackup
		ADDED from src\main\AndroidManifest.xml:85:9-35
	android:icon
		ADDED from src\main\AndroidManifest.xml:86:9-45
		REJECTED from [culture002:CultureCloudSDK:unspecified] AndroidManifest.xml:13:9-43
	android:persistent
		ADDED from src\main\AndroidManifest.xml:88:9-34
	android:theme
		ADDED from src\main\AndroidManifest.xml:91:9-41
	tools:replace
		ADDED from src\main\AndroidManifest.xml:92:9-42
	android:name
		ADDED from src\main\AndroidManifest.xml:84:9-41
activity#com.mob.tools.MobUIShell
ADDED from src\main\AndroidManifest.xml:94:9-123:20
	android:screenOrientation
		ADDED from src\main\AndroidManifest.xml:97:13-49
	android:windowSoftInputMode
		ADDED from src\main\AndroidManifest.xml:99:13-67
	android:configChanges
		ADDED from src\main\AndroidManifest.xml:96:13-74
	android:theme
		ADDED from src\main\AndroidManifest.xml:98:13-72
	android:name
		ADDED from src\main\AndroidManifest.xml:95:13-52
intent-filter#android.intent.action.VIEW+android.intent.category.BROWSABLE+android.intent.category.DEFAULT
ADDED from src\main\AndroidManifest.xml:101:13-107:29
data
ADDED from src\main\AndroidManifest.xml:102:17-58
	android:scheme
		ADDED from src\main\AndroidManifest.xml:102:23-56
action#android.intent.action.VIEW
ADDED from src\main\AndroidManifest.xml:103:17-68
	android:name
		ADDED from src\main\AndroidManifest.xml:103:25-66
category#android.intent.category.BROWSABLE
ADDED from src\main\AndroidManifest.xml:105:17-77
	android:name
		ADDED from src\main\AndroidManifest.xml:105:27-75
category#android.intent.category.DEFAULT
ADDED from src\main\AndroidManifest.xml:106:17-75
	android:name
		ADDED from src\main\AndroidManifest.xml:106:27-73
intent-filter#android.intent.category.DEFAULT+com.sina.weibo.sdk.action.ACTION_SDK_REQ_ACTIVITY
ADDED from src\main\AndroidManifest.xml:110:13-113:29
action#com.sina.weibo.sdk.action.ACTION_SDK_REQ_ACTIVITY
ADDED from src\main\AndroidManifest.xml:111:17-91
	android:name
		ADDED from src\main\AndroidManifest.xml:111:25-89
activity#com.guangxi.culturecloud.activitys.SplashActivity
ADDED from src\main\AndroidManifest.xml:124:9-132:20
	android:label
		ADDED from src\main\AndroidManifest.xml:126:13-45
	android:name
		ADDED from src\main\AndroidManifest.xml:125:13-77
intent-filter#android.intent.action.MAIN+android.intent.category.LAUNCHER
ADDED from src\main\AndroidManifest.xml:127:13-131:29
action#android.intent.action.MAIN
ADDED from src\main\AndroidManifest.xml:128:17-68
	android:name
		ADDED from src\main\AndroidManifest.xml:128:25-66
category#android.intent.category.LAUNCHER
ADDED from src\main\AndroidManifest.xml:130:17-76
	android:name
		ADDED from src\main\AndroidManifest.xml:130:27-74
activity#com.jarvis.mytaobao.home.BabyActivity
ADDED from src\main\AndroidManifest.xml:133:9-73
	android:name
		ADDED from src\main\AndroidManifest.xml:133:19-71
activity#com.jarvis.mytaobao.home.MapNavigationActivity
ADDED from src\main\AndroidManifest.xml:134:9-82
	android:name
		ADDED from src\main\AndroidManifest.xml:134:19-80
activity#com.jarvis.mytaobao.home.WareActivity
ADDED from src\main\AndroidManifest.xml:135:9-73
	android:name
		ADDED from src\main\AndroidManifest.xml:135:19-71
activity#com.jarvis.mytaobao.home.ShowBigPictrue
ADDED from src\main\AndroidManifest.xml:136:9-75
	android:name
		ADDED from src\main\AndroidManifest.xml:136:19-73
activity#com.jarvis.mytaobao.home.BuynowActivity
ADDED from src\main\AndroidManifest.xml:137:9-75
	android:name
		ADDED from src\main\AndroidManifest.xml:137:19-73
activity#com.jarvis.mytaobao.user.User_life
ADDED from src\main\AndroidManifest.xml:138:9-70
	android:name
		ADDED from src\main\AndroidManifest.xml:138:19-68
activity#com.jarvis.mytaobao.user.ProvideReallyNameActivity
ADDED from src\main\AndroidManifest.xml:139:9-141:62
	android:theme
		ADDED from src\main\AndroidManifest.xml:141:13-60
	android:name
		ADDED from src\main\AndroidManifest.xml:140:13-78
activity#com.jarvis.mytaobao.user.ProvideQualificationsActivity
ADDED from src\main\AndroidManifest.xml:142:9-144:62
	android:theme
		ADDED from src\main\AndroidManifest.xml:144:13-60
	android:name
		ADDED from src\main\AndroidManifest.xml:143:13-82
activity#com.jarvis.mytaobao.user.PersonalCollectionsActivity
ADDED from src\main\AndroidManifest.xml:145:9-88
	android:name
		ADDED from src\main\AndroidManifest.xml:145:19-86
activity#com.jarvis.mytaobao.user.IntegralRuleActivity
ADDED from src\main\AndroidManifest.xml:146:9-81
	android:name
		ADDED from src\main\AndroidManifest.xml:146:19-79
activity#com.jarvis.mytaobao.user.PersonalCommentActivity
ADDED from src\main\AndroidManifest.xml:147:9-84
	android:name
		ADDED from src\main\AndroidManifest.xml:147:19-82
activity#com.jarvis.mytaobao.user.PersonalPointsActivity
ADDED from src\main\AndroidManifest.xml:148:9-83
	android:name
		ADDED from src\main\AndroidManifest.xml:148:19-81
activity#com.jarvis.mytaobao.user.AllPointsActivity
ADDED from src\main\AndroidManifest.xml:149:9-78
	android:name
		ADDED from src\main\AndroidManifest.xml:149:19-76
activity#com.jarvis.mytaobao.user.User_opinion
ADDED from src\main\AndroidManifest.xml:150:9-152:62
	android:theme
		ADDED from src\main\AndroidManifest.xml:152:13-60
	android:name
		ADDED from src\main\AndroidManifest.xml:151:13-65
activity#com.jarvis.mytaobao.user.HelloSensor
ADDED from src\main\AndroidManifest.xml:153:9-72
	android:name
		ADDED from src\main\AndroidManifest.xml:153:19-70
activity#com.zxing.activity.CaptureActivity
ADDED from src\main\AndroidManifest.xml:156:9-161:72
	android:screenOrientation
		ADDED from src\main\AndroidManifest.xml:159:13-49
	android:windowSoftInputMode
		ADDED from src\main\AndroidManifest.xml:161:13-60
	android:configChanges
		ADDED from src\main\AndroidManifest.xml:158:13-63
	android:theme
		ADDED from src\main\AndroidManifest.xml:160:13-71
	android:name
		ADDED from src\main\AndroidManifest.xml:157:13-62
service#com.zdp.aseo.content.AseoZdpUpdateService
ADDED from src\main\AndroidManifest.xml:162:9-76
	android:name
		ADDED from src\main\AndroidManifest.xml:162:18-74
activity#com.iflytek.voiceads.request.IFLYBrowser
ADDED from src\main\AndroidManifest.xml:164:9-166:51
	android:screenOrientation
		ADDED from src\main\AndroidManifest.xml:166:13-49
	android:name
		ADDED from src\main\AndroidManifest.xml:165:13-68
activity#com.jarvis.mytaobao.home.Main_FA
ADDED from src\main\AndroidManifest.xml:167:9-68
	android:name
		ADDED from src\main\AndroidManifest.xml:167:19-66
activity#com.guangxi.culturecloud.activitys.WelcomeGuideActivity
ADDED from src\main\AndroidManifest.xml:168:9-91
	android:name
		ADDED from src\main\AndroidManifest.xml:168:19-89
activity#com.guangxi.culturecloud.activitys.ChooseCityActivity
ADDED from src\main\AndroidManifest.xml:169:9-89
	android:name
		ADDED from src\main\AndroidManifest.xml:169:19-87
activity#com.guangxi.culturecloud.activitys.LoginActivity
ADDED from src\main\AndroidManifest.xml:170:9-84
	android:name
		ADDED from src\main\AndroidManifest.xml:170:19-82
activity#com.guangxi.culturecloud.activitys.SignUpActivity
ADDED from src\main\AndroidManifest.xml:171:9-85
	android:name
		ADDED from src\main\AndroidManifest.xml:171:19-83
activity#com.guangxi.culturecloud.activitys.UpdatePwdActivity
ADDED from src\main\AndroidManifest.xml:172:9-88
	android:name
		ADDED from src\main\AndroidManifest.xml:172:19-86
activity#com.guangxi.culturecloud.wxapi.WXEntryActivity
ADDED from src\main\AndroidManifest.xml:173:9-178:74
	android:screenOrientation
		ADDED from src\main\AndroidManifest.xml:177:13-49
	android:exported
		ADDED from src\main\AndroidManifest.xml:176:13-36
	android:configChanges
		ADDED from src\main\AndroidManifest.xml:175:13-74
	android:theme
		ADDED from src\main\AndroidManifest.xml:178:13-72
	android:name
		ADDED from src\main\AndroidManifest.xml:174:13-74
activity#com.guangxi.culturecloud.activitys.SettingAvtivity
ADDED from src\main\AndroidManifest.xml:179:9-86
	android:name
		ADDED from src\main\AndroidManifest.xml:179:19-84
activity#com.guangxi.culturecloud.activitys.LibraryActivity
ADDED from src\main\AndroidManifest.xml:180:9-86
	android:name
		ADDED from src\main\AndroidManifest.xml:180:19-84
activity#com.guangxi.culturecloud.activitys.BigActiveActivity
ADDED from src\main\AndroidManifest.xml:181:9-88
	android:name
		ADDED from src\main\AndroidManifest.xml:181:19-86
activity#com.guangxi.culturecloud.activitys.ActiveListActivity
ADDED from src\main\AndroidManifest.xml:182:9-89
	android:name
		ADDED from src\main\AndroidManifest.xml:182:19-87
activity#com.guangxi.culturecloud.activitys.CollectionMoreActivity
ADDED from src\main\AndroidManifest.xml:183:9-93
	android:name
		ADDED from src\main\AndroidManifest.xml:183:19-91
activity#com.guangxi.culturecloud.activitys.CollectionDetailsActivity
ADDED from src\main\AndroidManifest.xml:184:9-96
	android:name
		ADDED from src\main\AndroidManifest.xml:184:19-94
activity#com.guangxi.culturecloud.activitys.ActRoomListActivity
ADDED from src\main\AndroidManifest.xml:185:9-90
	android:name
		ADDED from src\main\AndroidManifest.xml:185:19-88
activity#com.guangxi.culturecloud.activitys.ActRoomDetailActivity
ADDED from src\main\AndroidManifest.xml:186:9-92
	android:name
		ADDED from src\main\AndroidManifest.xml:186:19-90
activity#com.guangxi.culturecloud.activitys.ReserveActroomActiviy
ADDED from src\main\AndroidManifest.xml:187:9-92
	android:name
		ADDED from src\main\AndroidManifest.xml:187:19-90
activity#com.guangxi.culturecloud.activitys.CrowdFundingOrderActivity
ADDED from src\main\AndroidManifest.xml:188:9-96
	android:name
		ADDED from src\main\AndroidManifest.xml:188:19-94
activity#com.guangxi.culturecloud.activitys.OrderDetailActivity
ADDED from src\main\AndroidManifest.xml:189:9-90
	android:name
		ADDED from src\main\AndroidManifest.xml:189:19-88
activity#com.guangxi.culturecloud.activitys.LoveSocietyActivity
ADDED from src\main\AndroidManifest.xml:190:9-192:62
	android:theme
		ADDED from src\main\AndroidManifest.xml:192:13-60
	android:name
		ADDED from src\main\AndroidManifest.xml:191:13-82
activity#com.guangxi.culturecloud.activitys.ClubDetailsActivity
ADDED from src\main\AndroidManifest.xml:193:9-195:62
	android:theme
		ADDED from src\main\AndroidManifest.xml:195:13-60
	android:name
		ADDED from src\main\AndroidManifest.xml:194:13-82
activity#com.guangxi.culturecloud.activitys.DetailsJoinActivity
ADDED from src\main\AndroidManifest.xml:196:9-198:62
	android:theme
		ADDED from src\main\AndroidManifest.xml:198:13-60
	android:name
		ADDED from src\main\AndroidManifest.xml:197:13-82
activity#com.guangxi.culturecloud.activitys.PictureWallShowActivity
ADDED from src\main\AndroidManifest.xml:199:9-201:62
	android:theme
		ADDED from src\main\AndroidManifest.xml:201:13-60
	android:name
		ADDED from src\main\AndroidManifest.xml:200:13-86
activity#com.guangxi.culturecloud.activitys.CultureVolunteerActivity
ADDED from src\main\AndroidManifest.xml:202:9-204:51
	android:screenOrientation
		ADDED from src\main\AndroidManifest.xml:204:13-49
	android:name
		ADDED from src\main\AndroidManifest.xml:203:13-87
activity#com.guangxi.culturecloud.activitys.CultureCrowdFundingActivity
ADDED from src\main\AndroidManifest.xml:205:9-98
	android:name
		ADDED from src\main\AndroidManifest.xml:205:19-96
activity#com.guangxi.culturecloud.activitys.FilmRoomActivity
ADDED from src\main\AndroidManifest.xml:206:9-207:81
	android:name
		ADDED from src\main\AndroidManifest.xml:207:13-79
activity#com.guangxi.culturecloud.activitys.ShowsDetailActivity
ADDED from src\main\AndroidManifest.xml:208:9-210:62
	android:theme
		ADDED from src\main\AndroidManifest.xml:210:13-60
	android:name
		ADDED from src\main\AndroidManifest.xml:209:13-82
activity#com.guangxi.culturecloud.activitys.ShowsDetailActivityNew
ADDED from src\main\AndroidManifest.xml:211:9-213:51
	android:screenOrientation
		ADDED from src\main\AndroidManifest.xml:213:13-49
	android:name
		ADDED from src\main\AndroidManifest.xml:212:13-85
activity#com.guangxi.culturecloud.activitys.ReservationShowActivity
ADDED from src\main\AndroidManifest.xml:214:9-216:62
	android:theme
		ADDED from src\main\AndroidManifest.xml:216:13-60
	android:name
		ADDED from src\main\AndroidManifest.xml:215:13-86
activity#com.guangxi.culturecloud.activitys.AtSceneActivity
ADDED from src\main\AndroidManifest.xml:217:9-219:51
	android:screenOrientation
		ADDED from src\main\AndroidManifest.xml:219:13-49
	android:name
		ADDED from src\main\AndroidManifest.xml:218:13-78
activity#com.guangxi.culturecloud.activitys.VenueDetailsActivity
ADDED from src\main\AndroidManifest.xml:220:9-222:51
	android:screenOrientation
		ADDED from src\main\AndroidManifest.xml:222:13-49
	android:name
		ADDED from src\main\AndroidManifest.xml:221:13-83
activity#com.guangxi.culturecloud.activitys.ChangePassWordActivity
ADDED from src\main\AndroidManifest.xml:223:9-224:87
	android:name
		ADDED from src\main\AndroidManifest.xml:224:13-85
activity#com.guangxi.culturecloud.activitys.SendCommentActivity
ADDED from src\main\AndroidManifest.xml:225:9-227:62
	android:theme
		ADDED from src\main\AndroidManifest.xml:227:13-60
	android:name
		ADDED from src\main\AndroidManifest.xml:226:13-82
activity#com.guangxi.culturecloud.activitys.UseHelpActivity
ADDED from src\main\AndroidManifest.xml:228:9-230:62
	android:theme
		ADDED from src\main\AndroidManifest.xml:230:13-60
	android:name
		ADDED from src\main\AndroidManifest.xml:229:13-78
activity#com.guangxi.culturecloud.activitys.MyOrderListActivity
ADDED from src\main\AndroidManifest.xml:231:9-90
	android:name
		ADDED from src\main\AndroidManifest.xml:231:19-88
activity#com.guangxi.culturecloud.activitys.AboutCultureActivity
ADDED from src\main\AndroidManifest.xml:232:9-234:62
	android:theme
		ADDED from src\main\AndroidManifest.xml:234:13-60
	android:name
		ADDED from src\main\AndroidManifest.xml:233:13-83
activity#com.guangxi.culturecloud.activitys.CultureCrowdFundingDetialActivity
ADDED from src\main\AndroidManifest.xml:235:9-237:51
	android:screenOrientation
		ADDED from src\main\AndroidManifest.xml:237:13-49
	android:name
		ADDED from src\main\AndroidManifest.xml:236:13-96
activity#com.guangxi.culturecloud.activitys.YanXueActivity
ADDED from src\main\AndroidManifest.xml:238:9-61
	android:name
		ADDED from src\main\AndroidManifest.xml:238:19-59
activity#cn.sharesdk.tencent.qq.ReceiveActivity
ADDED from src\main\AndroidManifest.xml:239:9-251:20
	android:launchMode
		ADDED from src\main\AndroidManifest.xml:241:13-44
	android:noHistory
		ADDED from src\main\AndroidManifest.xml:242:13-37
	android:name
		ADDED from src\main\AndroidManifest.xml:240:13-66
meta-data#IFLYTEK_APPKEY_AD
ADDED from src\main\AndroidManifest.xml:253:9-255:39
	android:value
		ADDED from src\main\AndroidManifest.xml:255:13-37
	android:name
		ADDED from src\main\AndroidManifest.xml:254:13-45
meta-data#com.baidu.lbsapi.API_KEY
ADDED from src\main\AndroidManifest.xml:264:9-266:63
	android:value
		ADDED from src\main\AndroidManifest.xml:266:13-61
	android:name
		ADDED from src\main\AndroidManifest.xml:265:13-52
service#com.baidu.location.f
ADDED from src\main\AndroidManifest.xml:271:9-274:40
	android:enabled
		ADDED from src\main\AndroidManifest.xml:273:13-35
	android:process
		ADDED from src\main\AndroidManifest.xml:274:13-38
	android:name
		ADDED from src\main\AndroidManifest.xml:272:13-48
meta-data#Mob-AppKey
ADDED from src\main\AndroidManifest.xml:280:9-282:44
	android:value
		ADDED from src\main\AndroidManifest.xml:282:13-42
	android:name
		ADDED from src\main\AndroidManifest.xml:281:13-38
meta-data#Mob-AppSecret
ADDED from src\main\AndroidManifest.xml:283:9-285:63
	android:value
		ADDED from src\main\AndroidManifest.xml:285:13-61
	android:name
		ADDED from src\main\AndroidManifest.xml:284:13-41
activity#com.guangxi.culturecloud.wxapi.WXPayEntryActivity
ADDED from src\main\AndroidManifest.xml:289:9-300:20
	android:launchMode
		ADDED from src\main\AndroidManifest.xml:292:13-43
	android:exported
		ADDED from src\main\AndroidManifest.xml:291:13-36
	android:name
		ADDED from src\main\AndroidManifest.xml:290:13-53
intent-filter#android.intent.action.VIEW+android.intent.category.DEFAULT
ADDED from src\main\AndroidManifest.xml:293:13-299:29
uses-sdk
INJECTED from src\main\AndroidManifest.xml reason: use-sdk injection requested
MERGED from [com.android.support:multidex:1.0.1] AndroidManifest.xml:18:5-42
MERGED from [com.android.support:design:25.3.1] AndroidManifest.xml:21:5-23:62
MERGED from [com.android.support:recyclerview-v7:25.3.1] AndroidManifest.xml:20:5-43
MERGED from [com.android.support:transition:25.3.1] AndroidManifest.xml:20:5-44
MERGED from [com.android.support:cardview-v7:25.3.1] AndroidManifest.xml:20:5-43
MERGED from [com.android.support:support-v13:25.3.1] AndroidManifest.xml:21:5-23:55
MERGED from [culture002:CultureCloudSDK:unspecified] AndroidManifest.xml:7:5-9:41
MERGED from [me.yokeyword:indexablerecyclerview:1.3.0] AndroidManifest.xml:8:5-11:140
MERGED from [com.github.promeg:tinypinyin-lexicons-android-cncity:2.0.3] AndroidManifest.xml:7:5-9:41
MERGED from [com.github.promeg:tinypinyin-android-asset-lexicons:2.0.3] AndroidManifest.xml:7:5-9:41
MERGED from [de.hdodenhof:circleimageview:2.2.0] AndroidManifest.xml:5:5-7:41
MERGED from [com.google.android.gms:play-services-appindexing:8.1.0] AndroidManifest.xml:18:5-42
MERGED from [com.google.android.gms:play-services-basement:8.1.0] AndroidManifest.xml:18:5-42
MERGED from [com.github.nanchen2251:CompressHelper:1.0.5] AndroidManifest.xml:7:5-9:41
MERGED from [com.scwang.smartrefresh:SmartRefreshLayout:1.1.0-alpha-1] AndroidManifest.xml:7:5-9:41
MERGED from [com.scwang.smartrefresh:SmartRefreshHeader:1.1.0-alpha-1] AndroidManifest.xml:7:5-9:41
MERGED from [com.android.support:appcompat-v7:25.3.1] AndroidManifest.xml:21:5-23:78
MERGED from [com.android.support:support-v4:25.3.1] AndroidManifest.xml:21:5-23:54
MERGED from [com.android.support:support-fragment:25.3.1] AndroidManifest.xml:21:5-23:60
MERGED from [com.android.support:support-media-compat:25.3.1] AndroidManifest.xml:21:5-23:63
MERGED from [com.android.support:support-core-ui:25.3.1] AndroidManifest.xml:21:5-23:58
MERGED from [com.android.support:support-core-utils:25.3.1] AndroidManifest.xml:21:5-23:61
MERGED from [com.android.support:animated-vector-drawable:25.3.1] AndroidManifest.xml:20:5-44
MERGED from [com.android.support:support-vector-drawable:25.3.1] AndroidManifest.xml:20:5-43
MERGED from [com.android.support:support-compat:25.3.1] AndroidManifest.xml:21:5-23:58
	tools:overrideLibrary
		ADDED from [com.android.support:design:25.3.1] AndroidManifest.xml:23:9-59
	android:targetSdkVersion
		INJECTED from src\main\AndroidManifest.xml
		INJECTED from src\main\AndroidManifest.xml
	android:minSdkVersion
		INJECTED from src\main\AndroidManifest.xml
		INJECTED from src\main\AndroidManifest.xml
meta-data#android.support.VERSION
ADDED from [com.android.support:design:25.3.1] AndroidManifest.xml:25:5-27:34
MERGED from [com.android.support:recyclerview-v7:25.3.1] AndroidManifest.xml:22:5-24:34
MERGED from [com.android.support:transition:25.3.1] AndroidManifest.xml:22:5-24:34
MERGED from [com.android.support:cardview-v7:25.3.1] AndroidManifest.xml:22:5-24:34
MERGED from [com.android.support:support-v13:25.3.1] AndroidManifest.xml:25:5-27:34
MERGED from [com.android.support:appcompat-v7:25.3.1] AndroidManifest.xml:25:5-27:34
MERGED from [com.android.support:support-v4:25.3.1] AndroidManifest.xml:25:5-27:34
MERGED from [com.android.support:support-fragment:25.3.1] AndroidManifest.xml:25:5-27:34
MERGED from [com.android.support:support-media-compat:25.3.1] AndroidManifest.xml:25:5-27:34
MERGED from [com.android.support:support-core-ui:25.3.1] AndroidManifest.xml:25:5-27:34
MERGED from [com.android.support:support-core-utils:25.3.1] AndroidManifest.xml:25:5-27:34
MERGED from [com.android.support:animated-vector-drawable:25.3.1] AndroidManifest.xml:22:5-24:34
MERGED from [com.android.support:support-vector-drawable:25.3.1] AndroidManifest.xml:22:5-24:34
MERGED from [com.android.support:support-compat:25.3.1] AndroidManifest.xml:25:5-27:34
	android:value
		ADDED from [com.android.support:design:25.3.1] AndroidManifest.xml:27:9-31
	android:name
		ADDED from [com.android.support:design:25.3.1] AndroidManifest.xml:26:9-47
meta-data#com.google.android.gms.version
ADDED from [com.google.android.gms:play-services-basement:8.1.0] AndroidManifest.xml:21:9-23:69
	android:value
		ADDED from [com.google.android.gms:play-services-basement:8.1.0] AndroidManifest.xml:23:13-66
	android:name
		ADDED from [com.google.android.gms:play-services-basement:8.1.0] AndroidManifest.xml:22:13-58